<?xml version="1.0" encoding="UTF-8"?>
<testsuite xmlns:xsi="http://www.w3.org/2001/XMLSchema-instance" xsi:noNamespaceSchemaLocation="https://maven.apache.org/surefire/maven-surefire-plugin/xsd/surefire-test-report-3.0.xsd" version="3.0" name="tests.gui.NewTest" time="56.899" tests="3" errors="0" skipped="0" failures="0">
  <properties>
[...]
</properties>
  <testcase name="login1st" classname="tests.gui.NewTest" time="10.307">
    <system-out><![CDATA[
################################################################################################################################################
Detected SHAFT Engine Version: [SHAFT Engine v4.3]
################################################################################################################################################

################################################################################################################################################
Starting Execution of a Configuration (Setup or Teardown) Method
Test Method:		[tests.gui.NewTest.beforeMethod]
################################################################################################################################################
[ReportManager] Attempting to run locally on: [Windows-64], [GoogleChrome]. @29-03-2021 23:08:39.0651 PM
[ReportManager] Identifying OS/Browser combination and selecting the correct driver version automatically. Please note that if a new driver executable will be downloaded it may take some time... @29-03-2021 23:08:39.0654 PM
[ReportManager] Successfully Opened Google Chrome. @29-03-2021 23:08:42.0094 PM
[ReportManager] Browser Action [navigateToURL] successfully performed. With the following test data [https://playwin.live/ar]. @29-03-2021 23:08:48.0092 PM
[ReportManager] Successfully created attachment [Video Recording - beforeMethod] @29-03-2021 23:08:49.0936 PM
[ReportManager] Successfully created attachment [Animated Gif - beforeMethod] @29-03-2021 23:08:49.0938 PM
[ReportManager] Successfully created attachment [SHAFT Engine Logs - Current Method log: beforeMethod] @29-03-2021 23:08:49.0939 PM

################################################################################################################################################
Starting Execution:	[1 out of 3] test cases in the current suite
Test Method:		[tests.gui.NewTest.login1st]
################################################################################################################################################
[ReportManager] Element Action [type] successfully performed. With the following test data [t@g.com]. @29-03-2021 23:08:50.0268 PM
[ReportManager] Element Action [type] successfully performed. With the following test data [test123123]. @29-03-2021 23:08:50.0480 PM
[ReportManager] Element Action [click] successfully performed. With the following test data [تسجيل الدخول]. @29-03-2021 23:08:54.0977 PM
[ReportManager] Element Action [click] successfully performed. With the following test data [×]. @29-03-2021 23:08:57.0675 PM
 this is topics 502600
[ReportManager] Successfully created attachment [Video Recording - login1st] @29-03-2021 23:09:00.0490 PM
[ReportManager] Successfully created attachment [Animated Gif - login1st] @29-03-2021 23:09:00.0493 PM
[ReportManager] Successfully created attachment [SHAFT Engine Logs - Current Method log: login1st] @29-03-2021 23:09:00.0494 PM
]]></system-out>
    <system-err><![CDATA[[main] INFO com.shaft.tools.io.ReportManager - [ReportManager] Reading properties directory: src/test/resources/Properties @29-03-2021 23:08:39.0129 PM
[main] INFO com.shaft.tools.io.ReportManager - [ReportManager] File Action [doesFileExist] successfully performed. With the following test data [File Path: "src/test/resources/Properties"]. @29-03-2021 23:08:39.0142 PM
[main] INFO com.shaft.tools.io.ReportManager - [ReportManager] Loading properties file: src\test\resources\Properties\ExecutionPlatform.properties @29-03-2021 23:08:39.0158 PM
[main] INFO com.shaft.tools.io.ReportManager - [ReportManager] Reading properties directory: file:/C:/Users/Ahmed/.m2/repository/io/github/mohabmohie/SHAFT_ENGINE/4.4.20200921/SHAFT_ENGINE-4.4.20200921.jar!/resources/defaultProperties/ @29-03-2021 23:08:39.0159 PM
[main] INFO com.shaft.tools.io.ReportManager - [ReportManager] File Action [unpackArchive] successfully performed. With the following test data [Target File"C:\Users\Ahmed\git\using_SHAFT_ENGINE2\target\arc14953532776596680483.zip" | Destination Folder: "target"]. @29-03-2021 23:08:39.0218 PM
[main] INFO com.shaft.tools.io.ReportManager - [ReportManager] File Action [deleteFile] successfully performed. With the following test data [Target File Path: "C:\Users\Ahmed\git\using_SHAFT_ENGINE2\target\arc14953532776596680483.zip"]. @29-03-2021 23:08:39.0219 PM
[main] INFO com.shaft.tools.io.ReportManager - [ReportManager] File Action [unpackArchive] successfully performed. With the following test data [Target URL"file:/C:/Users/Ahmed/.m2/repository/io/github/mohabmohie/SHAFT_ENGINE/4.4.20200921/SHAFT_ENGINE-4.4.20200921.jar" | Destination Folder: "target/"]. @29-03-2021 23:08:39.0220 PM
[main] INFO com.shaft.tools.io.ReportManager - [ReportManager] File Action [doesFileExist] successfully performed. With the following test data [File Path: "target/resources/defaultProperties/"]. @29-03-2021 23:08:39.0220 PM
[main] INFO com.shaft.tools.io.ReportManager - [ReportManager] Loading properties file: target\resources\defaultProperties\cucumber.properties @29-03-2021 23:08:39.0221 PM
[main] INFO com.shaft.tools.io.ReportManager - [ReportManager] Loading properties file: target\resources\defaultProperties\ExecutionPlatform.properties @29-03-2021 23:08:39.0222 PM
[main] INFO com.shaft.tools.io.ReportManager - [ReportManager] Loading properties file: target\resources\defaultProperties\internal.properties @29-03-2021 23:08:39.0223 PM
[main] INFO com.shaft.tools.io.ReportManager - [ReportManager] Loading properties file: target\resources\defaultProperties\mobile.properties @29-03-2021 23:08:39.0223 PM
[main] INFO com.shaft.tools.io.ReportManager - [ReportManager] Loading properties file: target\resources\defaultProperties\path.properties @29-03-2021 23:08:39.0223 PM
[main] INFO com.shaft.tools.io.ReportManager - [ReportManager] Loading properties file: target\resources\defaultProperties\pattern.properties @29-03-2021 23:08:39.0224 PM
[main] INFO com.shaft.tools.io.ReportManager - [ReportManager] Loading properties file: target\resources\defaultProperties\PlatformFlags.properties @29-03-2021 23:08:39.0224 PM
[main] INFO com.shaft.tools.io.ReportManager - [ReportManager] Loading properties file: target\resources\defaultProperties\Reporting.properties @29-03-2021 23:08:39.0225 PM
[main] INFO com.shaft.tools.io.ReportManager - [ReportManager] Loading properties file: target\resources\defaultProperties\testNG.properties @29-03-2021 23:08:39.0225 PM
[main] INFO com.shaft.tools.io.ReportManager - [ReportManager] Loading properties file: target\resources\defaultProperties\Timeouts.properties @29-03-2021 23:08:39.0225 PM
[main] INFO com.shaft.tools.io.ReportManager - [ReportManager] Loading properties file: target\resources\defaultProperties\video.properties @29-03-2021 23:08:39.0226 PM
[main] INFO com.shaft.tools.io.ReportManager - [ReportManager] Loading properties file: target\resources\defaultProperties\VisualValidations.properties @29-03-2021 23:08:39.0226 PM
[main] INFO com.shaft.tools.io.ReportManager - [ReportManager] File Action [doesFileExist] successfully performed. With the following test data [File Path: "src/test/resources/Properties/ExecutionPlatform.properties"]. @29-03-2021 23:08:39.0370 PM
[main] INFO com.shaft.tools.io.ReportManager - [ReportManager] Preparing Allure Reporting Environment... @29-03-2021 23:08:39.0371 PM
[main] INFO com.shaft.tools.io.ReportManager - [ReportManager] File Action [deleteFolder] successfully performed. With the following test data [Target Folder: "allure-results"]. @29-03-2021 23:08:39.0391 PM
[main] INFO com.shaft.tools.io.ReportManager - [ReportManager] File Action [doesFileExist] successfully performed. With the following test data [File Path: "C:\Users\Ahmed\.m2\repository\allure\allure-2.13.5\bin\allure"]. @29-03-2021 23:08:39.0394 PM
[main] INFO com.shaft.tools.io.ReportManager - [ReportManager] File Action [getAbsolutePath] successfully performed. With the following test data [Relative File Path: "generate_allure_report.bat"]. @29-03-2021 23:08:39.0394 PM
[main] INFO com.shaft.tools.io.ReportManager - [ReportManager] File Action [writeToFile] successfully performed. With the following test data [Target File Path: "C:\Users\Ahmed\git\using_SHAFT_ENGINE2\generate_allure_report.bat"]. @29-03-2021 23:08:39.0400 PM
[main] INFO com.shaft.tools.io.ReportManager - [ReportManager] File Action [getAbsolutePath] successfully performed. With the following test data [Relative File Path: "allure-results/environment.xml"]. @29-03-2021 23:08:39.0510 PM
[main] INFO com.shaft.tools.io.ReportManager - [ReportManager] File Action [writeToFile] successfully performed. With the following test data [Target File Path: "C:\Users\Ahmed\git\using_SHAFT_ENGINE2\allure-results\environment.xml"]. @29-03-2021 23:08:39.0521 PM
[main] INFO com.shaft.tools.io.ReportManager - [ReportManager] File Action [getAbsolutePath] successfully performed. With the following test data [Relative Folder Path: "target/downloadedFiles/"]. @29-03-2021 23:08:39.0587 PM
[main] INFO io.github.bonigarcia.wdm.WebDriverManager - Using chromedriver 89.0.4389.23 (resolved driver for Chrome 89)
[main] INFO io.github.bonigarcia.wdm.WebDriverManager - Exporting webdriver.chrome.driver as C:\Users\Ahmed\.cache\selenium\chromedriver\win32\89.0.4389.23\chromedriver.exe
Starting ChromeDriver 89.0.4389.23 (61b08ee2c50024bab004e48d2b1b083cdbdac579-refs/branch-heads/4389@{#294}) on port 18315
Only local connections are allowed.
Please see https://chromedriver.chromium.org/security-considerations for suggestions on keeping ChromeDriver safe.
ChromeDriver was started successfully.
[1617052121.518][WARNING]: Ignoring unrecognized log type: client
[1617052121.518][WARNING]: Ignoring unrecognized log type: profiler
[1617052121.518][WARNING]: Ignoring unrecognized log type: server
Mar 29, 2021 11:08:42 PM org.openqa.selenium.remote.ProtocolHandshake createSession
INFO: Detected dialect: OSS
[main] INFO com.shaft.tools.io.ReportManager - [ReportManager] Target URL: [https://playwin.live/ar] @29-03-2021 23:08:42.0107 PM
[main] INFO com.automation.remarks.video.recorder.monte.MonteRecorder - Recording started
[main] INFO com.shaft.tools.io.ReportManager - [ReportManager] Initial URL: [data:,] @29-03-2021 23:08:42.0583 PM
[main] INFO com.shaft.tools.io.ReportManager - [ReportManager] File Action [createFile] successfully performed. With the following test data [Target Folder: "allure-results//screenshots/20210329-230839", Target File: "\1617052127184_beforeMethod.gif"]. @29-03-2021 23:08:47.0327 PM
[main] INFO com.automation.remarks.video.recorder.monte.MonteRecorder - Recording finished to C:\Users\Ahmed\git\using_SHAFT_ENGINE2\allure-results\videos\1617052128092_beforeMethod_recording_2021_29_03_23_08_48.avi
[main] INFO com.automation.remarks.video.RecordingUtils - No jenkinsUrl variable found.
[main] INFO com.automation.remarks.video.RecordingUtils - Video recording: C:\Users\Ahmed\git\using_SHAFT_ENGINE2\allure-results\videos\1617052128092_beforeMethod_recording_2021_29_03_23_08_48.avi
[main] INFO ws.schild.jave.ConversionOutputAnalyzer - Unhandled message in step: 2 Line: 7 message: <[libx264 @ 000001fb93ade700] using cpu capabilities: MMX2 SSE2Fast SSSE3 SSE4.2 AVX FMA3 BMI2 AVX2>
[main] INFO ws.schild.jave.ConversionOutputAnalyzer - Unhandled message in step: 2 Line: 8 message: <[libx264 @ 000001fb93ade700] profile High 4:4:4 Predictive, level 4.0, 4:4:4, 8-bit>
[main] INFO ws.schild.jave.ConversionOutputAnalyzer - Unhandled message in step: 2 Line: 9 message: <[libx264 @ 000001fb93ade700] 264 - core 159 - H.264/MPEG-4 AVC codec - Copyleft 2003-2019 - http://www.videolan.org/x264.html - options: cabac=1 ref=3 deblock=1:0:0 analyse=0x3:0x113 me=hex subme=7 psy=1 psy_rd=1.00:0.00 mixed_ref=1 me_range=16 chroma_me=1 trellis=1 8x8dct=1 cqm=0 deadzone=21,11 fast_pskip=1 chroma_qp_offset=4 threads=24 lookahead_threads=4 sliced_threads=0 nr=0 decimate=1 interlaced=0 bluray_compat=0 constrained_intra=0 bframes=3 b_pyramid=2 b_adapt=1 b_bias=0 direct=1 weightb=1 open_gop=0 weightp=2 keyint=250 keyint_min=25 scenecut=40 intra_refresh=0 rc_lookahead=40 rc=crf mbtree=1 crf=23.0 qcomp=0.60 qpmin=0 qpmax=69 qpstep=4 ip_ratio=1.40 aq=1:1.00>
[main] INFO ws.schild.jave.ConversionOutputAnalyzer - Unhandled message in step: 3 Line: 20 message: <[mp4 @ 000001fb93add0c0] Starting second pass: moving the moov atom to the beginning of the file>
[main] INFO com.automation.remarks.video.recorder.monte.MonteRecorder - Recording started
[main] INFO com.shaft.tools.io.ReportManager - [ReportManager] File Action [createFile] successfully performed. With the following test data [Target Folder: "allure-results//screenshots/20210329-230839", Target File: "\1617052131150_login1st.gif"]. @29-03-2021 23:08:51.0190 PM
[main] INFO com.automation.remarks.video.recorder.monte.MonteRecorder - Recording finished to C:\Users\Ahmed\git\using_SHAFT_ENGINE2\allure-results\videos\1617052137717_login1st_recording_2021_29_03_23_08_57.avi
[main] INFO com.automation.remarks.video.RecordingUtils - No jenkinsUrl variable found.
[main] INFO com.automation.remarks.video.RecordingUtils - Video recording: C:\Users\Ahmed\git\using_SHAFT_ENGINE2\allure-results\videos\1617052137717_login1st_recording_2021_29_03_23_08_57.avi
[main] INFO ws.schild.jave.ConversionOutputAnalyzer - Unhandled message in step: 2 Line: 7 message: <[libx264 @ 0000020c6722e500] using cpu capabilities: MMX2 SSE2Fast SSSE3 SSE4.2 AVX FMA3 BMI2 AVX2>
[main] INFO ws.schild.jave.ConversionOutputAnalyzer - Unhandled message in step: 2 Line: 8 message: <[libx264 @ 0000020c6722e500] profile High 4:4:4 Predictive, level 4.0, 4:4:4, 8-bit>
[main] INFO ws.schild.jave.ConversionOutputAnalyzer - Unhandled message in step: 2 Line: 9 message: <[libx264 @ 0000020c6722e500] 264 - core 159 - H.264/MPEG-4 AVC codec - Copyleft 2003-2019 - http://www.videolan.org/x264.html - options: cabac=1 ref=3 deblock=1:0:0 analyse=0x3:0x113 me=hex subme=7 psy=1 psy_rd=1.00:0.00 mixed_ref=1 me_range=16 chroma_me=1 trellis=1 8x8dct=1 cqm=0 deadzone=21,11 fast_pskip=1 chroma_qp_offset=4 threads=24 lookahead_threads=4 sliced_threads=0 nr=0 decimate=1 interlaced=0 bluray_compat=0 constrained_intra=0 bframes=3 b_pyramid=2 b_adapt=1 b_bias=0 direct=1 weightb=1 open_gop=0 weightp=2 keyint=250 keyint_min=25 scenecut=40 intra_refresh=0 rc_lookahead=40 rc=crf mbtree=1 crf=23.0 qcomp=0.60 qpmin=0 qpmax=69 qpstep=4 ip_ratio=1.40 aq=1:1.00>
[main] INFO ws.schild.jave.ConversionOutputAnalyzer - Unhandled message in step: 3 Line: 22 message: <[mp4 @ 0000020c6723df80] Starting second pass: moving the moov atom to the beginning of the file>
]]></system-err>
  </testcase>
  <testcase name="test" classname="tests.gui.NewTest" time="27.64">
    <system-out><![CDATA[
################################################################################################################################################
Starting Execution:	[2 out of 3] test cases in the current suite
Test Method:		[tests.gui.NewTest.test]
################################################################################################################################################
[ReportManager] Element Action [click] successfully performed. With the following test data [ابدأ التحدي]. @29-03-2021 23:09:03.0859 PM
question number 1
[ReportManager] Element Action [click] successfully performed. With the following test data [A]. @29-03-2021 23:09:05.0697 PM
question number 2
[ReportManager] Element Action [click] successfully performed. With the following test data [A]. @29-03-2021 23:09:07.0477 PM
question number 3
[ReportManager] Element Action [click] successfully performed. With the following test data [A]. @29-03-2021 23:09:09.0332 PM
question number 4
[ReportManager] Element Action [click] successfully performed. With the following test data [A]. @29-03-2021 23:09:11.0121 PM
question number 5
[ReportManager] Element Action [click] successfully performed. With the following test data [A]. @29-03-2021 23:09:12.0957 PM
question number 6
[ReportManager] Element Action [click] successfully performed. With the following test data [A]. @29-03-2021 23:09:14.0803 PM
question number 7
[ReportManager] Element Action [click] successfully performed. With the following test data [A]. @29-03-2021 23:09:16.0577 PM
question number 8
[ReportManager] Element Action [click] successfully performed. With the following test data [A]. @29-03-2021 23:09:18.0358 PM
question number 9
[ReportManager] Element Action [click] successfully performed. With the following test data [A]. @29-03-2021 23:09:20.0136 PM
question number 10
[ReportManager] Element Action [click] successfully performed. With the following test data [A]. @29-03-2021 23:09:21.0929 PM
[ReportManager] Successfully created attachment [Video Recording - test] @29-03-2021 23:09:28.0084 PM
[ReportManager] Successfully created attachment [Animated Gif - test] @29-03-2021 23:09:28.0092 PM
[ReportManager] Successfully created attachment [SHAFT Engine Logs - Current Method log: test] @29-03-2021 23:09:28.0095 PM
]]></system-out>
    <system-err><![CDATA[[main] INFO com.automation.remarks.video.recorder.monte.MonteRecorder - Recording started
[main] INFO com.shaft.tools.io.ReportManager - [ReportManager] File Action [createFile] successfully performed. With the following test data [Target Folder: "allure-results//screenshots/20210329-230839", Target File: "\1617052141369_test.gif"]. @29-03-2021 23:09:01.0424 PM
[main] INFO com.automation.remarks.video.recorder.monte.MonteRecorder - Recording finished to C:\Users\Ahmed\git\using_SHAFT_ENGINE2\allure-results\videos\1617052161930_test_recording_2021_29_03_23_09_22.avi
[main] INFO com.automation.remarks.video.RecordingUtils - No jenkinsUrl variable found.
[main] INFO com.automation.remarks.video.RecordingUtils - Video recording: C:\Users\Ahmed\git\using_SHAFT_ENGINE2\allure-results\videos\1617052161930_test_recording_2021_29_03_23_09_22.avi
[main] INFO ws.schild.jave.ConversionOutputAnalyzer - Unhandled message in step: 2 Line: 7 message: <[libx264 @ 0000026871400b40] using cpu capabilities: MMX2 SSE2Fast SSSE3 SSE4.2 AVX FMA3 BMI2 AVX2>
[main] INFO ws.schild.jave.ConversionOutputAnalyzer - Unhandled message in step: 2 Line: 8 message: <[libx264 @ 0000026871400b40] profile High 4:4:4 Predictive, level 4.0, 4:4:4, 8-bit>
[main] INFO ws.schild.jave.ConversionOutputAnalyzer - Unhandled message in step: 2 Line: 9 message: <[libx264 @ 0000026871400b40] 264 - core 159 - H.264/MPEG-4 AVC codec - Copyleft 2003-2019 - http://www.videolan.org/x264.html - options: cabac=1 ref=3 deblock=1:0:0 analyse=0x3:0x113 me=hex subme=7 psy=1 psy_rd=1.00:0.00 mixed_ref=1 me_range=16 chroma_me=1 trellis=1 8x8dct=1 cqm=0 deadzone=21,11 fast_pskip=1 chroma_qp_offset=4 threads=24 lookahead_threads=4 sliced_threads=0 nr=0 decimate=1 interlaced=0 bluray_compat=0 constrained_intra=0 bframes=3 b_pyramid=2 b_adapt=1 b_bias=0 direct=1 weightb=1 open_gop=0 weightp=2 keyint=250 keyint_min=25 scenecut=40 intra_refresh=0 rc_lookahead=40 rc=crf mbtree=1 crf=23.0 qcomp=0.60 qpmin=0 qpmax=69 qpstep=4 ip_ratio=1.40 aq=1:1.00>
[main] INFO ws.schild.jave.ConversionOutputAnalyzer - Unhandled message in step: 3 Line: 28 message: <[mp4 @ 000002687140e8c0] Starting second pass: moving the moov atom to the beginning of the file>
]]></system-err>
  </testcase>
  <testcase name="comparestats" classname="tests.gui.NewTest" time="5.691">
    <system-out><![CDATA[
################################################################################################################################################
Starting Execution:	[3 out of 3] test cases in the current suite
Test Method:		[tests.gui.NewTest.comparestats]
################################################################################################################################################
[ReportManager] Browser Action [navigateToURL] successfully performed. With the following test data [https://playwin.live]. @29-03-2021 23:09:31.0935 PM
points calculated correctly user now have__2900__ and used to have__2600
user did use 1 topic.
[ReportManager] Successfully created attachment [Video Recording - comparestats] @29-03-2021 23:09:33.0828 PM
[ReportManager] Successfully created attachment [Animated Gif - comparestats] @29-03-2021 23:09:33.0829 PM
[ReportManager] Successfully created attachment [SHAFT Engine Logs - Current Method log: comparestats] @29-03-2021 23:09:33.0830 PM
]]></system-out>
    <system-err><![CDATA[[main] INFO com.shaft.tools.io.ReportManager - [ReportManager] Target URL: [https://playwin.live] @29-03-2021 23:09:28.0102 PM
[main] INFO com.automation.remarks.video.recorder.monte.MonteRecorder - Recording started
[main] INFO com.shaft.tools.io.ReportManager - [ReportManager] Initial URL: [https://playwin.live/ar/start_quiz/56939] @29-03-2021 23:09:28.0267 PM
[main] INFO com.shaft.tools.io.ReportManager - [ReportManager] File Action [createFile] successfully performed. With the following test data [Target Folder: "allure-results//screenshots/20210329-230839", Target File: "\1617052171232_comparestats.gif"]. @29-03-2021 23:09:31.0291 PM
[main] INFO com.automation.remarks.video.recorder.monte.MonteRecorder - Recording finished to C:\Users\Ahmed\git\using_SHAFT_ENGINE2\allure-results\videos\1617052171981_comparestats_recording_2021_29_03_23_09_32.avi
[main] INFO com.automation.remarks.video.RecordingUtils - No jenkinsUrl variable found.
[main] INFO com.automation.remarks.video.RecordingUtils - Video recording: C:\Users\Ahmed\git\using_SHAFT_ENGINE2\allure-results\videos\1617052171981_comparestats_recording_2021_29_03_23_09_32.avi
[main] INFO ws.schild.jave.ConversionOutputAnalyzer - Unhandled message in step: 2 Line: 7 message: <[libx264 @ 000001502196dd00] using cpu capabilities: MMX2 SSE2Fast SSSE3 SSE4.2 AVX FMA3 BMI2 AVX2>
[main] INFO ws.schild.jave.ConversionOutputAnalyzer - Unhandled message in step: 2 Line: 8 message: <[libx264 @ 000001502196dd00] profile High 4:4:4 Predictive, level 4.0, 4:4:4, 8-bit>
[main] INFO ws.schild.jave.ConversionOutputAnalyzer - Unhandled message in step: 2 Line: 9 message: <[libx264 @ 000001502196dd00] 264 - core 159 - H.264/MPEG-4 AVC codec - Copyleft 2003-2019 - http://www.videolan.org/x264.html - options: cabac=1 ref=3 deblock=1:0:0 analyse=0x3:0x113 me=hex subme=7 psy=1 psy_rd=1.00:0.00 mixed_ref=1 me_range=16 chroma_me=1 trellis=1 8x8dct=1 cqm=0 deadzone=21,11 fast_pskip=1 chroma_qp_offset=4 threads=24 lookahead_threads=4 sliced_threads=0 nr=0 decimate=1 interlaced=0 bluray_compat=0 constrained_intra=0 bframes=3 b_pyramid=2 b_adapt=1 b_bias=0 direct=1 weightb=1 open_gop=0 weightp=2 keyint=250 keyint_min=25 scenecut=40 intra_refresh=0 rc_lookahead=40 rc=crf mbtree=1 crf=23.0 qcomp=0.60 qpmin=0 qpmax=69 qpstep=4 ip_ratio=1.40 aq=1:1.00>
[main] INFO ws.schild.jave.ConversionOutputAnalyzer - Unhandled message in step: 3 Line: 20 message: <[mp4 @ 000001502196c740] Starting second pass: moving the moov atom to the beginning of the file>
]]></system-err>
  </testcase>
</testsuite>